0 info it worked if it ends with ok
1 verbose cli [ 'C:\\Program Files\\nodejs\\node.exe',
1 verbose cli   'C:\\Program Files\\nodejs\\node_modules\\npm\\bin\\npm-cli.js',
1 verbose cli   'run',
1 verbose cli   'deploy-win' ]
2 info using npm@3.10.10
3 info using node@v6.11.2
4 verbose run-script [ 'predeploy-win', 'deploy-win', 'postdeploy-win' ]
5 info lifecycle wpng2@0.0.1~predeploy-win: wpng2@0.0.1
6 silly lifecycle wpng2@0.0.1~predeploy-win: no script for predeploy-win, continuing
7 info lifecycle wpng2@0.0.1~deploy-win: wpng2@0.0.1
8 verbose lifecycle wpng2@0.0.1~deploy-win: unsafe-perm in lifecycle true
9 verbose lifecycle wpng2@0.0.1~deploy-win: PATH: C:\Program Files\nodejs\node_modules\npm\bin\node-gyp-bin;C:\projects\new-project\wp-content\themes\wordpress_angular2\node_modules\.bin;C:\Program Files (x86)\Java\jre6\bin;C:\Program Files\Java\jre6\bin;C:\WINDOWS\system32;C:\WINDOWS;C:\WINDOWS\System32\Wbem;C:\WINDOWS\System32\WindowsPowerShell\v1.0\;C:\Program Files (x86)\WebEx\Productivity Tools;C:\Program Files (x86)\Git\cmd;C:\Program Files\nodejs\;;C:\Program Files\Microsoft VS Code\bin;C:\Users\szokr\AppData\Roaming\npm
10 verbose lifecycle wpng2@0.0.1~deploy-win: CWD: C:\projects\new-project\wp-content\themes\wordpress_angular2
11 silly lifecycle wpng2@0.0.1~deploy-win: Args: [ '/d /s /c',
11 silly lifecycle   'Powershell.exe -executionpolicy remotesigned -File deploy.ps1' ]
12 verbose stack Error: kill ENOSYS
12 verbose stack     at exports._errnoException (util.js:1020:11)
12 verbose stack     at process.kill (internal/process.js:190:13)
12 verbose stack     at process.listener (C:\Program Files\nodejs\node_modules\npm\node_modules\npmlog\node_modules\gauge\node_modules\signal-exit\index.js:86:15)
12 verbose stack     at emitNone (events.js:91:20)
12 verbose stack     at process.emit (events.js:185:7)
12 verbose stack     at processEmit (C:\Program Files\nodejs\node_modules\npm\node_modules\npmlog\node_modules\gauge\node_modules\signal-exit\index.js:146:32)
12 verbose stack     at processEmit (C:\Program Files\nodejs\node_modules\npm\node_modules\npm-registry-client\node_modules\npmlog\node_modules\gauge\node_modules\signal-exit\index.js:146:32)
12 verbose stack     at Signal.wrap.onsignal (internal/process.js:217:44)
13 verbose cwd C:\projects\new-project\wp-content\themes\wordpress_angular2
14 error Windows_NT 6.1.7601
15 error argv "C:\\Program Files\\nodejs\\node.exe" "C:\\Program Files\\nodejs\\node_modules\\npm\\bin\\npm-cli.js" "run" "deploy-win"
16 error node v6.11.2
17 error npm  v3.10.10
18 error code ENOSYS
19 error errno ENOSYS
20 error syscall kill
21 error kill ENOSYS
22 error If you need help, you may report this error at:
22 error     <https://github.com/npm/npm/issues>
23 verbose exit [ 1, true ]
